<?xml version="1.0" encoding="UTF-8"?>
<testsuite name="com.assignment.userService.UserServiceApplicationTests" tests="1" skipped="0" failures="0" errors="0" timestamp="2023-02-23T04:15:44" hostname="LAPTOP-3A31BKVN" time="0.004">
  <properties/>
  <testcase name="contextLoads()" classname="com.assignment.userService.UserServiceApplicationTests" time="0.004"/>
  <system-out><![CDATA[2023-02-23T09:45:44.532+05:30  INFO 13964 --- [    Test worker] t.c.s.AnnotationConfigContextLoaderUtils : Could not detect default configuration classes for test class [com.assignment.userService.UserServiceApplicationTests]: UserServiceApplicationTests does not declare any static, non-private, non-final, nested classes annotated with @Configuration.
2023-02-23T09:45:44.537+05:30  INFO 13964 --- [    Test worker] .b.t.c.SpringBootTestContextBootstrapper : Found @SpringBootConfiguration com.assignment.userService.UserServiceApplication for test class com.assignment.userService.UserServiceApplicationTests
]]></system-out>
  <system-err><![CDATA[]]></system-err>
</testsuite>
